[    0.000000] Initializing cgroup subsys cpuset
[    0.000000] Initializing cgroup subsys cpu
[    0.000000] Initializing cgroup subsys cpuacct
[    0.000000] Linux version 4.4.0-173-generic (buildd@lgw01-amd64-037) (gcc version 5.4.0 20160609 (Ubuntu 5.4.0-6ubuntu1~16.04.12) ) #203-Ubuntu SMP Wed Jan 15 02:55:01 UTC 2020 (Ubuntu 4.4.0-173.203-generic 4.4.208)
[    0.000000] Command line: BOOT_IMAGE=/boot/vmlinuz-4.4.0-173-generic root=LABEL=cloudimg-rootfs ro console=tty1 console=ttyS0
[    0.000000] KERNEL supported cpus:
[    0.000000]   Intel GenuineIntel
[    0.000000]   AMD AuthenticAMD
[    0.000000]   Centaur CentaurHauls
[    0.000000] x86/fpu: xstate_offset[2]:  576, xstate_sizes[2]:  256
[    0.000000] x86/fpu: Supporting XSAVE feature 0x01: 'x87 floating point registers'
[    0.000000] x86/fpu: Supporting XSAVE feature 0x02: 'SSE registers'
[    0.000000] x86/fpu: Supporting XSAVE feature 0x04: 'AVX registers'
[    0.000000] x86/fpu: Enabled xstate features 0x7, context size is 832 bytes, using 'standard' format.
[    0.000000] e820: BIOS-provided physical RAM map:
[    0.000000] BIOS-e820: [mem 0x0000000000000000-0x000000000009fbff] usable
[    0.000000] BIOS-e820: [mem 0x000000000009fc00-0x000000000009ffff] reserved
[    0.000000] BIOS-e820: [mem 0x00000000000f0000-0x00000000000fffff] reserved
[    0.000000] BIOS-e820: [mem 0x0000000000100000-0x000000003ffeffff] usable
[    0.000000] BIOS-e820: [mem 0x000000003fff0000-0x000000003fffffff] ACPI data
[    0.000000] BIOS-e820: [mem 0x00000000fec00000-0x00000000fec00fff] reserved
[    0.000000] BIOS-e820: [mem 0x00000000fee00000-0x00000000fee00fff] reserved
[    0.000000] BIOS-e820: [mem 0x00000000fffc0000-0x00000000ffffffff] reserved
[    0.000000] NX (Execute Disable) protection: active
[    0.000000] SMBIOS 2.5 present.
[    0.000000] Hypervisor detected: KVM
[    0.000000] e820: last_pfn = 0x3fff0 max_arch_pfn = 0x400000000
[    0.000000] MTRR: Disabled
[    0.000000] x86/PAT: MTRRs disabled, skipping PAT initialization too.
[    0.000000] CPU MTRRs all blank - virtualized system.
[    0.000000] x86/PAT: Configuration [0-7]: WB  WT  UC- UC  WB  WT  UC- UC  
[    0.000000] found SMP MP-table at [mem 0x0009fff0-0x0009ffff] mapped at [ffff88000009fff0]
[    0.000000] Scanning 1 areas for low memory corruption
[    0.000000] RAMDISK: [mem 0x362e4000-0x37169fff]
[    0.000000] ACPI: Early table checksum verification disabled
[    0.000000] ACPI: RSDP 0x00000000000E0000 000024 (v02 VBOX  )
[    0.000000] ACPI: XSDT 0x000000003FFF0030 00003C (v01 VBOX   VBOXXSDT 00000001 ASL  00000061)
[    0.000000] ACPI: FACP 0x000000003FFF00F0 0000F4 (v04 VBOX   VBOXFACP 00000001 ASL  00000061)
[    0.000000] ACPI: DSDT 0x000000003FFF0470 0022EA (v02 VBOX   VBOXBIOS 00000002 INTL 20191018)
[    0.000000] ACPI: FACS 0x000000003FFF0200 000040
[    0.000000] ACPI: FACS 0x000000003FFF0200 000040
[    0.000000] ACPI: APIC 0x000000003FFF0240 00005C (v02 VBOX   VBOXAPIC 00000001 ASL  00000061)
[    0.000000] ACPI: SSDT 0x000000003FFF02A0 0001CC (v01 VBOX   VBOXCPUT 00000002 INTL 20191018)
[    0.000000] No NUMA configuration found
[    0.000000] Faking a node at [mem 0x0000000000000000-0x000000003ffeffff]
[    0.000000] NODE_DATA(0) allocated [mem 0x3ffeb000-0x3ffeffff]
[    0.000000] kvm-clock: Using msrs 4b564d01 and 4b564d00
[    0.000000] kvm-clock: cpu 0, msr 0:3ffe3001, primary cpu clock
[    0.000000] kvm-clock: using sched offset of 3400282735 cycles
[    0.000000] clocksource: kvm-clock: mask: 0xffffffffffffffff max_cycles: 0x1cd42e4dffb, max_idle_ns: 881590591483 ns
[    0.000000] Zone ranges:
[    0.000000]   DMA      [mem 0x0000000000001000-0x0000000000ffffff]
[    0.000000]   DMA32    [mem 0x0000000001000000-0x000000003ffeffff]
[    0.000000]   Normal   empty
[    0.000000]   Device   empty
[    0.000000] Movable zone start for each node
[    0.000000] Early memory node ranges
[    0.000000]   node   0: [mem 0x0000000000001000-0x000000000009efff]
[    0.000000]   node   0: [mem 0x0000000000100000-0x000000003ffeffff]
[    0.000000] Initmem setup node 0 [mem 0x0000000000001000-0x000000003ffeffff]
[    0.000000] ACPI: PM-Timer IO Port: 0x4008
[    0.000000] IOAPIC[0]: apic_id 2, version 32, address 0xfec00000, GSI 0-23
[    0.000000] ACPI: INT_SRC_OVR (bus 0 bus_irq 0 global_irq 2 dfl dfl)
[    0.000000] ACPI: INT_SRC_OVR (bus 0 bus_irq 9 global_irq 9 low level)
[    0.000000] Using ACPI (MADT) for SMP configuration information
[    0.000000] smpboot: Allowing 2 CPUs, 0 hotplug CPUs
[    0.000000] PM: Registered nosave memory: [mem 0x00000000-0x00000fff]
[    0.000000] PM: Registered nosave memory: [mem 0x0009f000-0x0009ffff]
[    0.000000] PM: Registered nosave memory: [mem 0x000a0000-0x000effff]
[    0.000000] PM: Registered nosave memory: [mem 0x000f0000-0x000fffff]
[    0.000000] e820: [mem 0x40000000-0xfebfffff] available for PCI devices
[    0.000000] Booting paravirtualized kernel on KVM
[    0.000000] clocksource: refined-jiffies: mask: 0xffffffff max_cycles: 0xffffffff, max_idle_ns: 7645519600211568 ns
[    0.000000] setup_percpu: NR_CPUS:512 nr_cpumask_bits:512 nr_cpu_ids:2 nr_node_ids:1
[    0.000000] PERCPU: Embedded 33 pages/cpu @ffff88003fc00000 s95448 r8192 d31528 u1048576
[    0.000000] Built 1 zonelists in Node order, mobility grouping on.  Total pages: 257912
[    0.000000] Policy zone: DMA32
[    0.000000] Kernel command line: BOOT_IMAGE=/boot/vmlinuz-4.4.0-173-generic root=LABEL=cloudimg-rootfs ro console=tty1 console=ttyS0
[    0.000000] PID hash table entries: 4096 (order: 3, 32768 bytes)
[    0.000000] Memory: 997680K/1048120K available (8626K kernel code, 1336K rwdata, 4032K rodata, 1488K init, 1292K bss, 50440K reserved, 0K cma-reserved)
[    0.000000] SLUB: HWalign=64, Order=0-3, MinObjects=0, CPUs=2, Nodes=1
[    0.000000] Kernel/User page tables isolation: enabled
[    0.000000] Hierarchical RCU implementation.
[    0.000000] 	Build-time adjustment of leaf fanout to 64.
[    0.000000] 	RCU restricting CPUs from NR_CPUS=512 to nr_cpu_ids=2.
[    0.000000] RCU: Adjusting geometry for rcu_fanout_leaf=64, nr_cpu_ids=2
[    0.000000] NR_IRQS:33024 nr_irqs:440 16
[    0.000000] Console: colour VGA+ 80x25
[    0.000000] console [tty1] enabled
[    0.000000] console [ttyS0] enabled
[    0.000000] tsc: Detected 1991.998 MHz processor
[    0.121258] Calibrating delay loop (skipped) preset value.. 3983.99 BogoMIPS (lpj=7967992)
[    0.123127] pid_max: default: 32768 minimum: 301
[    0.124126] ACPI: Core revision 20150930
[    0.125970] ACPI: 2 ACPI AML tables successfully acquired and loaded
[    0.127540] Security Framework initialized
[    0.129292] Yama: becoming mindful.
[    0.130618] AppArmor: AppArmor initialized
[    0.132102] Dentry cache hash table entries: 131072 (order: 8, 1048576 bytes)
[    0.136134] Inode-cache hash table entries: 65536 (order: 7, 524288 bytes)
[    0.138547] Mount-cache hash table entries: 2048 (order: 2, 16384 bytes)
[    0.141095] Mountpoint-cache hash table entries: 2048 (order: 2, 16384 bytes)
[    0.143621] Initializing cgroup subsys io
[    0.144529] Initializing cgroup subsys memory
[    0.145577] Initializing cgroup subsys devices
[    0.146558] Initializing cgroup subsys freezer
[    0.147534] Initializing cgroup subsys net_cls
[    0.148521] Initializing cgroup subsys perf_event
[    0.149580] Initializing cgroup subsys net_prio
[    0.150569] Initializing cgroup subsys hugetlb
[    0.151530] Initializing cgroup subsys pids
[    0.153698] mce: CPU supports 0 MCE banks
[    0.154690] Last level iTLB entries: 4KB 64, 2MB 8, 4MB 8
[    0.155842] Last level dTLB entries: 4KB 64, 2MB 0, 4MB 0, 1GB 4
[    0.157202] Spectre V1 : Mitigation: usercopy/swapgs barriers and __user pointer sanitization
[    0.158996] Spectre V2 : Mitigation: Full generic retpoline
[    0.160117] Spectre V2 : Spectre v2 / SpectreRSB mitigation: Filling RSB on context switch
[    0.161940] Speculative Store Bypass: Vulnerable
[    0.163054] MDS: Mitigation: Clear CPU buffers
[    0.166791] Freeing SMP alternatives memory: 36K
[    0.173690] ftrace: allocating 32304 entries in 127 pages
[    0.237619] smpboot: APIC(0) Converting physical 0 to logical package 0
[    0.239287] smpboot: Max logical packages: 1
[    0.240569] x2apic enabled
[    0.241452] Switched APIC routing to physical x2apic.
[    0.243623] ..TIMER: vector=0x30 apic1=0 pin1=2 apic2=-1 pin2=-1
[    0.353111] smpboot: CPU0: Intel(R) Core(TM) i7-8550U CPU @ 1.80GHz (family: 0x6, model: 0x8e, stepping: 0xa)
[    0.355894] Performance Events: unsupported p6 CPU model 142 no PMU driver, software events only.
[    0.368306] KVM setup paravirtual spinlock
[    0.370029] x86: Booting SMP configuration:
[    0.370872] .... node  #0, CPUs:      #1
[    0.371774] kvm-clock: cpu 1, msr 0:3ffe3041, secondary cpu clock
[    0.374614] mce: CPU supports 0 MCE banks
[    0.377307] x86: Booted up 1 node, 2 CPUs
[    0.378397] smpboot: Total of 2 processors activated (7967.99 BogoMIPS)
[    0.379960] devtmpfs: initialized
[    0.382332] evm: security.selinux
[    0.383044] evm: security.SMACK64
[    0.383765] evm: security.SMACK64EXEC
[    0.384525] evm: security.SMACK64TRANSMUTE
[    0.385480] evm: security.SMACK64MMAP
[    0.386172] evm: security.ima
[    0.386781] evm: security.capability
[    0.387829] clocksource: jiffies: mask: 0xffffffff max_cycles: 0xffffffff, max_idle_ns: 7645041785100000 ns
[    0.389576] futex hash table entries: 512 (order: 3, 32768 bytes)
[    0.390994] pinctrl core: initialized pinctrl subsystem
[    0.392236] RTC time: 13:10:05, date: 02/11/20
[    0.393447] NET: Registered protocol family 16
[    0.411023] cpuidle: using governor ladder
[    0.421456] cpuidle: using governor menu
[    0.422398] PCCT header not found.
[    0.423252] ACPI: bus type PCI registered
[    0.424158] acpiphp: ACPI Hot Plug PCI Controller Driver version: 0.5
[    0.426166] PCI: Using configuration type 1 for base access
[    0.440927] ACPI: Added _OSI(Module Device)
[    0.443534] ACPI: Added _OSI(Processor Device)
[    0.445045] ACPI: Added _OSI(3.0 _SCP Extensions)
[    0.446103] ACPI: Added _OSI(Processor Aggregator Device)
[    0.447958] ACPI: Executed 1 blocks of module-level executable AML code
[    0.451508] ACPI: Interpreter enabled
[    0.452526] ACPI: (supports S0 S5)
[    0.453405] ACPI: Using IOAPIC for interrupt routing
[    0.454643] PCI: Using host bridge windows from ACPI; if necessary, use "pci=nocrs" and report a bug
[    0.460236] ACPI: PCI Root Bridge [PCI0] (domain 0000 [bus 00-ff])
[    0.461608] acpi PNP0A03:00: _OSC: OS supports [ASPM ClockPM Segments MSI]
[    0.463334] acpi PNP0A03:00: _OSC: not requesting OS control; OS requires [ExtendedConfig ASPM ClockPM MSI]
[    0.465425] acpi PNP0A03:00: fail to add MMCONFIG information, can't access extended PCI configuration space under this bridge.
[    0.468079] PCI host bridge to bus 0000:00
[    0.469050] pci_bus 0000:00: root bus resource [io  0x0000-0x0cf7 window]
[    0.470389] pci_bus 0000:00: root bus resource [io  0x0d00-0xffff window]
[    0.471792] pci_bus 0000:00: root bus resource [mem 0x000a0000-0x000bffff window]
[    0.473548] pci_bus 0000:00: root bus resource [mem 0x40000000-0xfdffffff window]
[    0.475154] pci_bus 0000:00: root bus resource [bus 00-ff]
[    0.477758] pci 0000:00:01.1: legacy IDE quirk: reg 0x10: [io  0x01f0-0x01f7]
[    0.479184] pci 0000:00:01.1: legacy IDE quirk: reg 0x14: [io  0x03f6]
[    0.480524] pci 0000:00:01.1: legacy IDE quirk: reg 0x18: [io  0x0170-0x0177]
[    0.481874] pci 0000:00:01.1: legacy IDE quirk: reg 0x1c: [io  0x0376]
[    0.505399] pci 0000:00:07.0: quirk: [io  0x4000-0x403f] claimed by PIIX4 ACPI
[    0.507252] pci 0000:00:07.0: quirk: [io  0x4100-0x410f] claimed by PIIX4 SMB
[    0.513015] ACPI: PCI Interrupt Link [LNKA] (IRQs 5 9 10 *11)
[    0.514776] ACPI: PCI Interrupt Link [LNKB] (IRQs 5 9 *10 11)
[    0.516235] ACPI: PCI Interrupt Link [LNKC] (IRQs 5 *9 10 11)
[    0.517725] ACPI: PCI Interrupt Link [LNKD] (IRQs 5 9 10 *11)
[    0.519188] ACPI: Enabled 2 GPEs in block 00 to 07
[    0.521633] vgaarb: setting as boot device: PCI:0000:00:02.0
[    0.523234] vgaarb: device added: PCI:0000:00:02.0,decodes=io+mem,owns=io+mem,locks=none
[    0.524707] vgaarb: loaded
[    0.525304] vgaarb: bridge control possible 0000:00:02.0
[    0.526481] SCSI subsystem initialized
[    0.527428] ACPI: bus type USB registered
[    0.528208] usbcore: registered new interface driver usbfs
[    0.529140] usbcore: registered new interface driver hub
[    0.530098] usbcore: registered new device driver usb
[    0.531303] PCI: Using ACPI for IRQ routing
[    0.532339] NetLabel: Initializing
[    0.533068] NetLabel:  domain hash size = 128
[    0.533966] NetLabel:  protocols = UNLABELED CIPSOv4
[    0.535343] NetLabel:  unlabeled traffic allowed by default
[    0.536589] amd_nb: Cannot enumerate AMD northbridges
[    0.537604] clocksource: Switched to clocksource kvm-clock
[    0.544682] AppArmor: AppArmor Filesystem Enabled
[    0.545671] pnp: PnP ACPI init
[    0.547027] pnp: PnP ACPI: found 3 devices
[    0.556342] clocksource: acpi_pm: mask: 0xffffff max_cycles: 0xffffff, max_idle_ns: 2085701024 ns
[    0.557938] NET: Registered protocol family 2
[    0.558987] TCP established hash table entries: 8192 (order: 4, 65536 bytes)
[    0.560138] TCP bind hash table entries: 8192 (order: 5, 131072 bytes)
[    0.561610] TCP: Hash tables configured (established 8192 bind 8192)
[    0.563073] UDP hash table entries: 512 (order: 2, 16384 bytes)
[    0.564636] UDP-Lite hash table entries: 512 (order: 2, 16384 bytes)
[    0.566046] NET: Registered protocol family 1
[    0.567181] pci 0000:00:00.0: Limiting direct PCI/PCI transfers
[    0.568650] pci 0000:00:01.0: Activating ISA DMA hang workarounds
[    0.570151] Unpacking initramfs...
[    0.760957] Freeing initrd memory: 14872K
[    0.762043] clocksource: tsc: mask: 0xffffffffffffffff max_cycles: 0x396d4e5fc9d, max_idle_ns: 881590756024 ns
[    0.764000] platform rtc_cmos: registered platform RTC device (no PNP device found)
[    0.765646] Scanning for low memory corruption every 60 seconds
[    0.767358] audit: initializing netlink subsys (disabled)
[    0.768500] audit: type=2000 audit(1581426610.521:1): initialized
[    0.769948] Initialise system trusted keyring
[    0.771132] HugeTLB registered 2 MB page size, pre-allocated 0 pages
[    0.773552] zbud: loaded
[    0.774632] VFS: Disk quotas dquot_6.6.0
[    0.775548] VFS: Dquot-cache hash table entries: 512 (order 0, 4096 bytes)
[    0.777225] squashfs: version 4.0 (2009/01/31) Phillip Lougher
[    0.778747] fuse init (API version 7.23)
[    0.779810] Key type big_key registered
[    0.780773] Allocating IMA MOK and blacklist keyrings.
[    0.788052] Key type asymmetric registered
[    0.789377] Asymmetric key parser 'x509' registered
[    0.791435] Block layer SCSI generic (bsg) driver version 0.4 loaded (major 249)
[    0.794374] io scheduler noop registered
[    0.795649] io scheduler deadline registered (default)
[    0.797219] io scheduler cfq registered
[    0.798629] pci_hotplug: PCI Hot Plug PCI Core version: 0.5
[    0.800645] pciehp: PCI Express Hot Plug Controller Driver version: 0.4
[    0.803707] ACPI: AC Adapter [AC] (on-line)
[    0.804835] input: Power Button as /devices/LNXSYSTM:00/LNXPWRBN:00/input/input0
[    0.806646] ACPI: Power Button [PWRF]
[    0.807635] input: Sleep Button as /devices/LNXSYSTM:00/LNXSLPBN:00/input/input1
[    0.809365] ACPI: Sleep Button [SLPF]
[    0.810546] GHES: HEST is not enabled!
[    0.811178] ACPI: Battery Slot [BAT0] (battery present)
[    0.812781] Serial: 8250/16550 driver, 32 ports, IRQ sharing enabled
[    0.834672] 00:02: ttyS0 at I/O 0x3f8 (irq = 4, base_baud = 115200) is a 16550A
[    0.838544] Linux agpgart interface v0.103
[    0.841436] loop: module loaded
[    0.843586] scsi host0: ata_piix
[    0.844443] scsi host1: ata_piix
[    0.845267] ata1: PATA max UDMA/33 cmd 0x1f0 ctl 0x3f6 bmdma 0xd000 irq 14
[    0.846647] ata2: PATA max UDMA/33 cmd 0x170 ctl 0x376 bmdma 0xd008 irq 15
[    0.848103] libphy: Fixed MDIO Bus: probed
[    0.849027] tun: Universal TUN/TAP device driver, 1.6
[    0.850117] tun: (C) 1999-2004 Max Krasnyansky <maxk@qualcomm.com>
[    0.851426] PPP generic driver version 2.4.2
[    0.852421] ehci_hcd: USB 2.0 'Enhanced' Host Controller (EHCI) Driver
[    0.853875] ehci-pci: EHCI PCI platform driver
[    0.854858] ehci-platform: EHCI generic platform driver
[    0.856125] ohci_hcd: USB 1.1 'Open' Host Controller (OHCI) Driver
[    0.857353] ohci-pci: OHCI PCI platform driver
[    0.858436] ohci-platform: OHCI generic platform driver
[    0.859516] uhci_hcd: USB Universal Host Controller Interface driver
[    0.860843] i8042: PNP: PS/2 Controller [PNP0303:PS2K,PNP0f03:PS2M] at 0x60,0x64 irq 1,12
[    0.863097] serio: i8042 KBD port at 0x60,0x64 irq 1
[    0.864347] serio: i8042 AUX port at 0x60,0x64 irq 12
[    0.865707] mousedev: PS/2 mouse device common for all mice
[    0.867322] input: AT Translated Set 2 keyboard as /devices/platform/i8042/serio0/input/input2
[    0.869726] rtc_cmos rtc_cmos: rtc core: registered rtc_cmos as rtc0
[    0.871397] rtc_cmos rtc_cmos: alarms up to one day, 114 bytes nvram
[    0.872770] i2c /dev entries driver
[    0.873713] device-mapper: uevent: version 1.0.3
[    0.874949] device-mapper: ioctl: 4.34.0-ioctl (2015-10-28) initialised: dm-devel@redhat.com
[    0.876776] ledtrig-cpu: registered to indicate activity on CPUs
[    0.878513] NET: Registered protocol family 10
[    0.879816] NET: Registered protocol family 17
[    0.880791] Key type dns_resolver registered
[    0.882134] registered taskstats version 1
[    0.883174] Loading compiled-in X.509 certificates
[    0.884891] Loaded X.509 cert 'Build time autogenerated kernel key: 4e6a82653c7e3a258f066f23f1954299de63b157'
[    0.887037] zswap: loaded using pool lzo/zbud
[    0.889593] Key type trusted registered
[    0.895098] Key type encrypted registered
[    0.896087] AppArmor: AppArmor sha1 policy hashing enabled
[    0.897180] ima: No TPM chip found, activating TPM-bypass!
[    0.898324] ima: Allocated hash algorithm: sha1
[    0.899301] evm: HMAC attrs: 0x1
[    0.900432]   Magic number: 8:794:179
[    0.901359] rtc_cmos rtc_cmos: setting system clock to 2020-02-11 13:10:06 UTC (1581426606)
[    0.903487] BIOS EDD facility v0.16 2004-Jun-25, 0 devices found
[    0.904820] EDD information not available.
[    1.005765] Freeing unused kernel memory: 1488K
[    1.009024] Write protecting the kernel read-only data: 14336k
[    1.014452] Freeing unused kernel memory: 1604K
[    1.017992] Freeing unused kernel memory: 64K
Loading, please wait...
starting version 229
[    1.054191] random: systemd-udevd: uninitialized urandom read (16 bytes read, 3 bits of entropy available)
[    1.054769] random: udevadm: uninitialized urandom read (16 bytes read, 3 bits of entropy available)
[    1.054799] random: udevadm: uninitialized urandom read (16 bytes read, 3 bits of entropy available)
[    1.060128] random: systemd-udevd: uninitialized urandom read (16 bytes read, 3 bits of entropy available)
[    1.062399] random: systemd-udevd: uninitialized urandom read (16 bytes read, 3 bits of entropy available)
[    1.064083] random: systemd-udevd: uninitialized urandom read (16 bytes read, 3 bits of entropy available)
[    1.064617] random: udevadm: uninitialized urandom read (16 bytes read, 3 bits of entropy available)
[    1.064686] random: udevadm: uninitialized urandom read (16 bytes read, 3 bits of entropy available)
[    1.064885] random: udevadm: uninitialized urandom read (16 bytes read, 3 bits of entropy available)
[    1.064960] random: udevadm: uninitialized urandom read (16 bytes read, 3 bits of entropy available)
[    1.114066] e1000: Intel(R) PRO/1000 Network Driver - version 7.3.21-k8-NAPI
[    1.115593] e1000: Copyright (c) 1999-2006 Intel Corporation.
[    1.118926] Fusion MPT base driver 3.04.20
[    1.120073] Copyright (c) 1999-2008 LSI Corporation
[    1.132779] Fusion MPT SPI Host driver 3.04.20
[    1.138238] AVX2 version of gcm_enc/dec engaged.
[    1.139312] AES CTR mode by8 optimization enabled
[    1.323928] input: ImExPS/2 Generic Explorer Mouse as /devices/platform/i8042/serio1/input/input4
[    1.494005] e1000 0000:00:03.0 eth0: (PCI:33MHz:32-bit) 02:bb:f4:57:e9:87
[    1.496059] e1000 0000:00:03.0 eth0: Intel(R) PRO/1000 Network Connection
[    1.499218] mptbase: ioc0: Initiating bringup
[    1.499857] e1000 0000:00:03.0 enp0s3: renamed from eth0
[    1.589301] ioc0: LSI53C1030 A0: Capabilities={Initiator}
[    2.526567] scsi host2: ioc0: LSI53C1030 A0, FwRev=00000000h, Ports=1, MaxQ=256, IRQ=20
[    3.034414] scsi 2:0:0:0: Direct-Access     VBOX     HARDDISK         1.0  PQ: 0 ANSI: 5
[    3.040830] scsi target2:0:0: Beginning Domain Validation
[    3.047552] scsi target2:0:0: Domain Validation skipping write tests
[    3.051559] scsi target2:0:0: Ending Domain Validation
[    3.055497] scsi target2:0:0: asynchronous
[    3.060087] scsi 2:0:1:0: Direct-Access     VBOX     HARDDISK         1.0  PQ: 0 ANSI: 5
[    3.064696] scsi target2:0:1: Beginning Domain Validation
[    3.068594] scsi target2:0:1: Domain Validation skipping write tests
[    3.070501] scsi target2:0:1: Ending Domain Validation
[    3.072135] scsi target2:0:1: asynchronous
[    3.090040] sd 2:0:0:0: Attached scsi generic sg0 type 0
[    3.091302] sd 2:0:0:0: [sda] 20971520 512-byte logical blocks: (10.7 GB/10.0 GiB)
[    3.092912] sd 2:0:1:0: Attached scsi generic sg1 type 0
[    3.094405] sd 2:0:1:0: [sdb] 20480 512-byte logical blocks: (10.5 MB/10.0 MiB)
[    3.096116] sd 2:0:0:0: [sda] Write Protect is off
[    3.097244] sd 2:0:1:0: [sdb] Write Protect is off
[    3.098421] sd 2:0:0:0: [sda] Incomplete mode parameter data
[    3.099584] sd 2:0:0:0: [sda] Assuming drive cache: write through
[    3.100864] sd 2:0:1:0: [sdb] Incomplete mode parameter data
[    3.101870] sd 2:0:1:0: [sdb] Assuming drive cache: write through
[    3.104342]  sda: sda1
[    3.105963] sd 2:0:0:0: [sda] Attached SCSI disk
[    3.107260] sd 2:0:1:0: [sdb] Attached SCSI disk
Begin: Loading essential drivers ... [    4.441498] md: linear personality registered for level -1
[    4.449070] md: multipath personality registered for level -4
[    4.452816] md: raid0 personality registered for level 0
[    4.458528] md: raid1 personality registered for level 1
[    4.529711] raid6: sse2x1   gen() 10100 MB/s
[    4.598884] raid6: sse2x1   xor()  8907 MB/s
[    4.668852] raid6: sse2x2   gen() 15301 MB/s
[    4.742229] raid6: sse2x2   xor() 10387 MB/s
[    4.809715] raid6: sse2x4   gen() 17153 MB/s
[    4.878847] raid6: sse2x4   xor() 11460 MB/s
[    4.948936] raid6: avx2x1   gen() 18596 MB/s
[    5.018855] raid6: avx2x2   gen() 26808 MB/s
[    5.088842] raid6: avx2x4   gen() 30773 MB/s
[    5.089904] raid6: using algorithm avx2x4 gen() 30773 MB/s
[    5.090961] raid6: using avx2x2 recovery algorithm
[    5.093618] xor: automatically using best checksumming function:
[    5.133673]    avx       : 26216.000 MB/sec
[    5.136297] async_tx: api initialized (async)
[    5.147721] md: raid6 personality registered for level 6
[    5.148896] md: raid5 personality registered for level 5
[    5.149890] md: raid4 personality registered for level 4
[    5.157048] md: raid10 personality registered for level 10
done.
Begin: Running /scripts/init-premount ... done.
Begin: Mounting root file system ... Begin: Running /scripts/local-top ... done.
Begin: Running /scripts/local-premount ... [    5.196441] Btrfs loaded
Scanning for Btrfs filesystems
done.
Warning: fsck not present, so skipping root file system
[    5.228142] EXT4-fs (sda1): mounted filesystem with ordered data mode. Opts: (null)
done.
Begin: Running /scripts/local-bottom ... done.
Begin: Running /scripts/init-bottom ... done.
[    5.325832] systemd[1]: systemd 229 running in system mode. (+PAM +AUDIT +SELINUX +IMA +APPARMOR +SMACK +SYSVINIT +UTMP +LIBCRYPTSETUP +GCRYPT +GNUTLS +ACL +XZ -LZ4 +SECCOMP +BLKID +ELFUTILS +KMOD -IDN)
[    5.328955] systemd[1]: Detected virtualization oracle.
[    5.329917] systemd[1]: Detected architecture x86-64.

Welcome to [1mUbuntu 16.04.6 LTS[0m!

[    5.332895] systemd[1]: Set hostname to <ubuntu>.
[    5.335101] systemd[1]: Initializing machine ID from random generator.
[    5.336288] systemd[1]: Installed transient /etc/machine-id file.
[    5.477028] systemd[1]: Set up automount Arbitrary Executable File Formats File System Automount Point.
[[0;32m  OK  [0m] Set up automount Arbitrary Executab...ats File System Automount Point.
[    5.481543] systemd[1]: Listening on Syslog Socket.
[[0;32m  OK  [0m] Listening on Syslog Socket.
[    5.484349] systemd[1]: Started Trigger resolvconf update for networkd DNS.
[[0;32m  OK  [0m] Started Trigger resolvconf update for networkd DNS.
[    5.488157] systemd[1]: Created slice System Slice.
[[0;32m  OK  [0m] Created slice System Slice.
[    5.490606] systemd[1]: Listening on /dev/initctl Compatibility Named Pipe.
[[0;32m  OK  [0m] Listening on /dev/initctl Compatibility Named Pipe.
[    5.493585] systemd[1]: Reached target User and Group Name Lookups.
[[0;32m  OK  [0m] Reached target User and Group Name Lookups.
[    5.496373] systemd[1]: Started Forward Password Requests to Wall Directory Watch.
[[0;32m  OK  [0m] Started Forward Password Requests to Wall Directory Watch.
[    5.499437] systemd[1]: Listening on Device-mapper event daemon FIFOs.
[[0;32m  OK  [0m] Listening on Device-mapper event daemon FIFOs.
[    5.502365] systemd[1]: Listening on udev Control Socket.
[[0;32m  OK  [0m] Listening on udev Control Socket.
[    5.504747] systemd[1]: Listening on LVM2 poll daemon socket.
[[0;32m  OK  [0m] Listening on LVM2 poll daemon socket.
[    5.507302] systemd[1]: Listening on Journal Socket.
[[0;32m  OK  [0m] Listening on Journal Socket.
[    5.523896] systemd[1]: Mounting Huge Pages File System...
         Mounting Huge Pages File System...
[    5.527153] systemd[1]: Mounting POSIX Message Queue File System...
         Mounting POSIX Message Queue File System...
[    5.530246] systemd[1]: Starting Set console keymap...
         Starting Set console keymap...
[    5.532764] systemd[1]: Starting Uncomplicated firewall...
         Starting Uncomplicated firewall...
[    5.535363] systemd[1]: Starting Nameserver information manager...
         Starting Nameserver information manager...
[    5.539117] systemd[1]: Listening on Journal Audit Socket.
[[0;32m  OK  [0m] Listening on Journal Audit Socket.
[    5.541644] systemd[1]: Reached target Encrypted Volumes.
[[0;32m  OK  [0m] Reached target Encrypted Volumes.
[    5.544072] systemd[1]: Listening on udev Kernel Socket.
[[0;32m  OK  [0m] Listening on udev Kernel Socket.
[    5.574202] systemd[1]: Starting Create list of required static device nodes for the current kernel...
         Starting Create list of required st... nodes for the current kernel...
[    5.578554] systemd[1]: Mounting Debug File System...
         Mounting Debug File System...
[    5.580650] systemd[1]: Created slice system-serial\x2dgetty.slice.
[[0;32m  OK  [0m] Created slice system-serial\x2dgetty.slice.
[    5.583105] systemd[1]: Listening on LVM2 metadata daemon socket.
[[0;32m  OK  [0m] Listening on LVM2 metadata daemon socket.
[    5.586165] systemd[1]: Starting Monitoring of LVM2 mirrors, snapshots etc. using dmeventd or progress polling...
         Starting Monitoring of LVM2 mirrors... dmeventd or progress polling...
[    5.591341] systemd[1]: Starting Load Kernel Modules...
         Starting Load Kernel Modules...
[    5.593181] systemd[1]: Reached target Swap.
[[0;32m  OK  [0m] Reached target Swap.
[    5.595416] systemd[1]: Created slice User and Session Slice.
[[0;32m  OK  [0m] Created slice User and Session Slice.
[    5.597773] systemd[1]: Reached target Slices.
[[0;32m  OK  [0m] Reached target Slices.
[    5.599815] systemd[1]: Reached target System Time Synchronized.
[[0;32m  OK  [0m] Reached target System Time Synchronized.
[    5.604470] Loading iSCSI transport class v2.0-870.
[    5.611838] iscsi: registered transport (tcp)
[    5.618082] systemd[1]: Starting Remount Root and Kernel File Systems...
         Starting Remount Root and Kernel File Systems...
[    5.620760] systemd[1]: Listening on Journal Socket (/dev/log).
[[0;32m  OK  [0m] Listening on Journal Socket (/dev/log).
[    5.623965] systemd[1]: Starting Journal Service...
         Starting Journal Service...
[    5.630766] systemd[1]: Mounted POSIX Message Queue File System.
[[0;32m  OK  [0m] Mounted POSIX Message Queue File System.
[    5.634445] systemd[1]: Mounted Huge Pages File System.
[[0;32m  OK  [0m] Mounted Huge [    5.636201] EXT4-fs (sda1): re-mounted. Opts: (null)
Pages File System.
[    5.637100] systemd[1]: Mounted Debug File System.
[[0;32m  OK  [0m] Mounted Debug File System.
[    5.639838] systemd[1]: Started Set console keymap.
[[0;32m  OK  [0m] Started Set console keymap.
[    5.642165] systemd[1]: Started Uncomplicated firewall.
[[0;32m  OK  [0m] Started Uncomplicated firewall.
[    5.644928] systemd[1]: Started Create list of required static device nodes for the current kernel.
[[0;32m  OK  [0m] Started Create list of required sta...ce nodes for the current kernel.
[    5.648773] systemd[1]: Started Remount Root and Kernel File Systems.
[[0;32m  OK  [0m] Started Remount Root and Kernel File Systems.
[    5.651650] systemd[1]: Started Nameserver information manager.
[[0;32m  OK  [0m] Started Nameserver information manager.
[    5.656428] systemd[1]: Started Journal Service.
[[0;32m  OK  [0m] Started Journal Service.
[[0;32m  OK  [0m] Started LVM2 metadata daemon.
[    5.663325] iscsi: registered transport (iser)
         Starting Flush Journal to Persistent Storage...
         Starting Load/Save Random Seed...
         Starting udev Coldplug all Devices...
         Starting Create Static Device Nodes in /dev...
[[0;32m  OK  [0m] Started Load Kernel Modules.
         Mounting FUSE Control File System...
         Starting Apply Kernel Variables...
[[0;32m  OK  [0m] Mounted FUSE Control File System.
[[0;32m  OK  [0m] Started Load/Save Random Seed.
[    5.684807] systemd-journald[401]: Received request to flush runtime journal from PID 1
[[0;32m  OK  [0m] Started Flush Journal to Persistent Storage.
[[0;32m  OK  [0m] Started Apply Kernel Variables.
[[0;32m  OK  [0m] Started Create Static Device Nodes in /dev.
         Starting udev Kernel Device Manager...
[[0;32m  OK  [0m] Started udev Coldplug all Devices.
[[0;32m  OK  [0m] Started udev Kernel Device Manager.
[[0;32m  OK  [0m] Started Dispatch Password Requests to Console Directory Watch.
[[0;32m  OK  [0m] Found device /dev/ttyS0.
[[0;32m  OK  [0m] Listening on Load/Save RF Kill Switch Status /dev/rfkill Watch.
[[0;32m  OK  [0m] Started Monitoring of LVM2 mirrors,...ng dmeventd or progress polling.
[[0;32m  OK  [0m] Reached target Local File Systems (Pre).
[[0;32m  OK  [0m] Reached target Local File Systems.
         Starting Create Volatile Files and Directories...
         Starting Initial cloud-init job (pre-networking)...
         Starting Tell Plymouth To Write Out Runtime Data...
         Starting Commit a transient machine-id on disk...
         Starting Set console font and keymap...
         Starting LSB: AppArmor initialization...
[[0;32m  OK  [0m] Started Create Volatile Files and Directories.
[[0;32m  OK  [0m] Started Tell Plymouth To Write Out Runtime Data.
[[0;32m  OK  [0m] Started Commit a transient machine-id on disk.
         Starting Update UTMP about System Boot/Shutdown...
[[0;32m  OK  [0m] Started Update UTMP about System Boot/Shutdown.
[[0;32m  OK  [0m] Started Set console font and keymap.
[[0;32m  OK  [0m] Created slice system-getty.slice.
[[0;32m  OK  [0m] Started LSB: AppArmor initialization.
[    7.000610] cloud-init[608]: Cloud-init v. 19.4-33-gbb4131a2-0ubuntu1~16.04.1 running 'init-local' at Tue, 11 Feb 2020 13:10:12 +0000. Up 6.65 seconds.
[[0;32m  OK  [0m] Started Initial cloud-init job (pre-networking).
[[0;32m  OK  [0m] Reached target Network (Pre).
         Starting Raise network interfaces...
[[0;32m  OK  [0m] Started Raise network interfaces.
         Starting Initial cloud-init job (metadata service crawler)...
[[0;32m  OK  [0m] Reached target Network.
[    8.216975] cloud-init[950]: Cloud-init v. 19.4-33-gbb4131a2-0ubuntu1~16.04.1 running 'init' at Tue, 11 Feb 2020 13:10:13 +0000. Up 7.52 seconds.
[    8.218873] cloud-init[950]: ci-info: ++++++++++++++++++++++++++++++++++++++Net device info++++++++++++++++++++++++++++++++++++++
[    8.220499] cloud-init[950]: ci-info: +--------+------+----------------------------+---------------+--------+-------------------+
[    8.222813] cloud-init[950]: ci-info: | Device |  Up  |          Address           |      Mask     | Scope  |     Hw-Address    |
[    8.224960] cloud-init[950]: ci-info: +--------+------+----------------------------+---------------+--------+-------------------+
[    8.226742] cloud-init[950]: ci-info: | enp0s3 | True |         10.0.2.15          | 255.255.255.0 | global | 02:bb:f4:57:e9:87 |
[    8.228708] cloud-init[950]: ci-info: | enp0s3 | True | fe80::bb:f4ff:fe57:e987/64 |       .       |  link  | 02:bb:f4:57:e9:87 |
[    8.230585] cloud-init[950]: ci-info: |   lo   | True |         127.0.0.1          |   255.0.0.0   |  host  |         .         |
[    8.232669] cloud-init[950]: ci-info: |   lo   | True |          ::1/128           |       .       |  host  |         .         |
[    8.234751] cloud-init[950]: ci-info: +--------+------+----------------------------+---------------+--------+-------------------+
[    8.236965] cloud-init[950]: ci-info: +++++++++++++++++++++++++++Route IPv4 info++++++++++++++++++++++++++++
[    8.238881] cloud-init[950]: ci-info: +-------+-------------+----------+---------------+-----------+-------+
[    8.240800] cloud-init[950]: ci-info: | Route | Destination | Gateway  |    Genmask    | Interface | Flags |
[    8.242074] cloud-init[950]: ci-info: +-------+-------------+----------+---------------+-----------+-------+
[    8.243753] cloud-init[950]: ci-info: |   0   |   0.0.0.0   | 10.0.2.2 |    0.0.0.0    |   enp0s3  |   UG  |
[    8.245508] cloud-init[950]: ci-info: |   1   |   10.0.2.0  | 0.0.0.0  | 255.255.255.0 |   enp0s3  |   U   |
[    8.248278] cloud-init[950]: ci-info: +-------+-------------+----------+---------------+-----------+-------+
[    8.249961] cloud-init[950]: ci-info: +++++++++++++++++++Route IPv6 info+++++++++++++++++++
[    8.251918] cloud-init[950]: ci-info: +-------+-------------+---------+-----------+-------+
[    8.253913] cloud-init[950]: ci-info: | Route | Destination | Gateway | Interface | Flags |
[    8.255868] cloud-init[950]: ci-info: +-------+-------------+---------+-----------+-------+
[    8.257825] cloud-init[950]: ci-info: |   0   |  fe80::/64  |    ::   |   enp0s3  |   U   |
[    8.260106] cloud-init[950]: ci-info: |   3   |   ff00::/8  |    ::   |   enp0s3  |   U   |
[    8.262088] cloud-init[950]: ci-info: +-------+-------------+---------+-----------+-------+
[    8.263838] cloud-init[950]: Generating public/private rsa key pair.
[    8.265294] cloud-init[950]: Your identification has been saved in /etc/ssh/ssh_host_rsa_key.
[    8.267969] cloud-init[950]: Your public key has been saved in /etc/ssh/ssh_host_rsa_key.pub.
[    8.270578] cloud-init[950]: The key fingerprint is:
[    8.272735] cloud-init[950]: SHA256:g21tv+euzGqYfaEynMEdyutj+gU7bUGKnXMZTF2i+2o root@ubuntu-xenial
[    8.276161] cloud-init[950]: The key's randomart image is:
[    8.279402] cloud-init[950]: +---[RSA 2048]----+
[    8.288639] [cloud-init[0;32m  OK  [0m[950]: ] |          .....  |Started Initial cloud-init job (metadata service crawler).

[    8.289936] cloud-init[950]: [|         o ...   |[0;32m  OK  [0m
] Reached target Network is Online.
[    8.297504] cloud-init[950]: |          =      |
[    8.305313] cloud-init[950]: |       = =.+     |
[    8.306295] cloud-init[950]: |      ooSoB.     |
[    8.307127] cloud-init[950]: |       .=O.+.    |
[    8.307967] cloud-init[950]: |       .oB+.o.   |
[    8.308891] cloud-init[950]: |        @+E+...  |
[    8.309712] cloud-init[950]: |      .=o*oo==o  |
[    8.310549] cloud-init[950]: +----[SHA256]-----+
[    8.311418] cloud-init[950]: Generating public/private dsa key pair.
[    8.312583] cloud-init[950]: Your identification has been saved in /etc/ssh/ssh_host_dsa_key.
[    8.313903] cloud-init[950]: Your public key has been saved in /etc/ssh/ssh_host_dsa_key.pub.
[    8.315265] cloud-init[950]: The key fingerprint is:
[    8.316299] cloud-init[950]: SHA256:+e2E+vYD+dpMLFnhUPBeZHayoMPjmkNpA/+FhKwEcqw root@ubuntu-xenial
[    8.317639] cloud-init[950]: The key's randomart image is:
[    8.318659] cloud-init[950]: +---[DSA 1024]----+
[    8.319658] cloud-init[950]:          Starting iSCSI initiator daemon (iscsid)...
[[0;32m  OK  [0m] Reached target Cloud-config availability.
[[0;32m  OK  [0m] Reached target System Initialization.
|  ..o     ..o = .|
         Starting LXD - unix socket.
[    8.323665]          Starting Socket activation for snappy daemon.
[[0;32m  OK  [0m] Listening on D-Bus System Message Bus Socket.
[[0;32m  OK  [0m] Listening on UUID daemon activation socket.
[[0;32m  OK  [0m] Started Daily apt download activities.
cloud-init[950]: [[0;32m  OK  [0m] Started ACPI Events Check.
[[0;32m  OK  [0m] Reached target Paths.
[[0;32m  OK  [0m] Started Daily apt upgrade and clean activities.
[[0;32m  OK  [0m] Started Message of the Day.
[[0;32m  OK  [0m] Started Daily Cleanup of Temporary Directories.
[[0;32m  OK  [0m] Listening on ACPID Listen Socket.
[[0;32m  OK  [0m] Reached target Timers.
[[0;32m  OK  [0m] Listening on LXD - unix socket.
[[0;32m  OK  [0m] Listening on Socket activation for snappy daemon.
[[0;32m  OK  [0m] Reached target Sockets.
[[0;32m  OK  [0m] Reached target Basic System.
|   o.. . o + = + |
[[0;32m  OK  [0m] Started Regular background program processing daemon.
[    8.337021]          Starting Accounts Service...
cloud-init[950]: |   .  o o B o o  |[[0;32m  OK  [0m] Started D-Bus System Message Bus.

[    8.339826] cloud-init[950]: |  E  . + = B o   |
[    8.343629] cloud-init[950]: |      . S o.=    |
[    8.346135] cloud-init[950]: |       o *oB     |
[    8.347764] cloud-init[950]: |        + *o=    |
[    8.349084] cloud-init[950]: |         o.Bo    |
[    8.356482] cloud-init[950]: |        .ooo=.   |
[    8.357525] cloud-init[950]: +----[SHA256]-----+
[    8.368274] cloud-init[950]: Generating public/private ecdsa key pair.
[    8.369301] cloud-init[950]: Your identification has been saved in /etc/ssh/ssh_host_ecdsa_key.
[    8.370611] cloud-init[950]: Your public key has been saved in /etc/ssh/ssh_host_ecdsa_key.pub.
[    8.371940] cloud-init[950]: The key fingerprint is:
[    8.372981] cloud-init[950]: SHA256:FumMUOhAw7Ndmc9v2LDoeVzX//KpKZBDeTvEi0QdMDM root@ubuntu-xenial
[    8.374931] cloud-init[950]: The key's randomart image is:
[    8.376514] cloud-init[950]:          Starting LSB: MD monitoring daemon...
+---[ECDSA 256]---+
         Starting Virtualbox guest utils...
[[0;32m  OK  [0m] Started ACPI event daemon.
[    8.379929] cloud-init[950]: | oo  ..o Eo..    |
[    8.388787]          Starting System Logging Service...
cloud-init[950]: [[0;32m  OK  [0m] Started Deferred execution scheduler.
|  +...+  o+.     |         Starting Snappy daemon...
         Starting LXD - container startup/shutdown...
         Starting /etc/rc.local Compatibility...
         Starting Pollinate to seed the pseudo random number generator...
         Starting Login Service...
         Starting LSB: Record successful boot for GRUB...

[[0;32m  OK  [0m] Started FUSE filesystem for LXC.
[    8.396615] cloud-init[950]: |   *.. o+ o      |
[    8.399137] cloud-init[950]: |  . o. ++= +     |
[    8.408563] cloud-init[950]: |      ..S*= o.   |
[    8.412198] cloud-init[950]: |      ..o==+. .  |
[    8.414621] [[0;32m  OK  [0m] Started System Logging Service.
cloud-init[950]: |     . o oo..  . |
[[0;32m  OK  [0m] Started /etc/rc.local Compatibility.
[[0;32m  OK  [0m] Started iSCSI initiator daemon (iscsid).
[    8.416806] cloud-init[950]: |      o o  .  o o|
[    8.426687] cloud-init[950]: |       .    .o.++|
[    8.429237] cloud-init[950]: +----[SHA256]-----+
[    8.430431] cloud-init[950]: Generating public/private ed25519 key pair.
[    8.432638] cloud-init[950]: Your identification has been saved in /etc/ssh/ssh_host_ed25519_key.
[    8.434804] cloud-init[950]: Your public key has been saved in /etc/ssh/ssh_host_ed25519_key.pub.
[    8.436165] cloud-init[950]: The key fingerprint is:
[    8.437786] cloud-init[950]: SHA256:zTjCYUxsytaoesuv73Hy2MCigSGtORhtgsOpVpdxc9s root@ubuntu-xenial
[    8.439264] cloud-init[950]: The key's randomart image is:         Starting Login to default iSCSI targets...
         Starting Authenticate and Authorize Users to Run Privileged Tasks...
[[0;32m  OK  [0m] Started LSB: MD monitoring daemon.

[[0;32m  OK  [0m] Started Login Service.
[[0;32m  OK  [0m] Started Unattended Upgrades Shutdown.
[    8.468789] cloud-init[950]: +--[ED25519 256]--+
[[0;32m  OK  [0m] Started Login to default iSCSI targets.
[[0;32m  OK  [0m] Reached target Remote File Systems (Pre).
[[0;32m  OK  [0m] Reached target Remote File Systems.
[    8.470521] cloud-init[950]: |     ..          |
         Starting Permit User Sessions...
         Starting LSB: automatic crash report generation...
         Starting LSB: daemon to balance interrupts for SMP systems...
         Starting LSB: Set the CPU Frequency Scaling governor to "ondemand"...
[    8.480669] cloud-init[950]: |     oo          |
[    8.484782] cloud-init[950]: |   . *+o .       |
[    8.485720] cloud-init[950]: [[0;32m  OK  [0m] Started LSB: Record successful boot for GRUB.
[[0;32m  OK  [0m] Started Permit User Sessions.
|oo. =o=.o+o      |
         Starting Hold until boot process finishes up...
[    8.502842] cloud-init[950]: |Bo++ oo S.oE     |         Starting Terminate Plymouth Boot Screen...

[    8.512877] [cloud-init[0;32m  OK  [0m[950]: ] |=Oo..  . .       |Started Hold until boot process finishes up.

[    8.514276] cloud-init[950]: |Oo. = .          |
[[0;32m  OK  [0m] Started Authenticate and Authorize Users to Run Privileged Tasks.
[    8.516734] cloud-init[950]: |o=.. O           |[[0;32m  OK  [0m] Started Terminate Plymouth Boot Screen.

[[0;32m  OK  [0m] Started Accounts Service.
[    8.519209] cloud-init[950]: |..+*= o          |
[    8.521203] cloud-init[950]: +----[SHA256]-----+
         Starting Set console scheme...
[[0;32m  OK  [0m] Started Getty on tty1.
[[0;32m  OK  [0m] Started Serial Getty on ttyS0.
[[0;32m  OK  [0m] Reached target Login Prompts.
[[0;32m  OK  [0m] Started LXD - container startup/shutdown.
[[0;32m  OK  [0m] Started Set console scheme.
[[0;32m  OK  [0m] Started LSB: daemon to balance interrupts for SMP systems.
[[0;32m  OK  [0m] Started LSB: Set the CPU Frequency Scaling governor to "ondemand".
[[0;32m  OK  [0m] Started LSB: automatic crash report generation.
[[0;32m  OK  [0m] Started Virtualbox guest utils.
[[0;32m  OK  [0m] Started Snappy daemon.
         Starting Wait until snapd is fully seeded...
[[0;32m  OK  [0m] Started Pollinate to seed the pseudo random number generator.
         Starting OpenBSD Secure Shell server...
[[0;32m  OK  [0m] Started OpenBSD Secure Shell server.
[[0;32m  OK  [0m] Started Wait until snapd is fully seeded.
         Starting Apply the settings specified in cloud-config...
[[0;32m  OK  [0m] Reached target Multi-User System.
[[0;32m  OK  [0m] Reached target Graphical Interface.
         Starting Update UTMP about System Runlevel Changes...
[[0;32m  OK  [0m] Started Update UTMP about System Runlevel Changes.
[   10.097002] cloud-init[1307]: Generating locales (this might take a while)...
[   10.818732] cloud-init[1307]:   en_US.UTF-8... done
[   10.819680] cloud-init[1307]: Generation complete.
[   11.081041] cloud-init[1307]: Cloud-init v. 19.4-33-gbb4131a2-0ubuntu1~16.04.1 running 'modules:config' at Tue, 11 Feb 2020 13:10:15 +0000. Up 10.01 seconds.
[[0;32m  OK  [0m] Started Apply the settings specified in cloud-config.
         Starting Execute cloud user/final scripts...
ci-info: no authorized SSH keys fingerprints found for user ubuntu.
<14>Feb 11 13:10:17 ec2: 
<14>Feb 11 13:10:17 ec2: #############################################################
<14>Feb 11 13:10:17 ec2: -----BEGIN SSH HOST KEY FINGERPRINTS-----
<14>Feb 11 13:10:17 ec2: 1024 SHA256:+e2E+vYD+dpMLFnhUPBeZHayoMPjmkNpA/+FhKwEcqw root@ubuntu-xenial (DSA)
<14>Feb 11 13:10:17 ec2: 256 SHA256:FumMUOhAw7Ndmc9v2LDoeVzX//KpKZBDeTvEi0QdMDM root@ubuntu-xenial (ECDSA)
<14>Feb 11 13:10:17 ec2: 256 SHA256:zTjCYUxsytaoesuv73Hy2MCigSGtORhtgsOpVpdxc9s root@ubuntu-xenial (ED25519)
<14>Feb 11 13:10:17 ec2: 2048 SHA256:g21tv+euzGqYfaEynMEdyutj+gU7bUGKnXMZTF2i+2o root@ubuntu-xenial (RSA)
<14>Feb 11 13:10:17 ec2: -----END SSH HOST KEY FINGERPRINTS-----
<14>Feb 11 13:10:17 ec2: #############################################################
-----BEGIN SSH HOST KEY KEYS-----
ecdsa-sha2-nistp256 AAAAE2VjZHNhLXNoYTItbmlzdHAyNTYAAAAIbmlzdHAyNTYAAABBBKhutWawjS7SD6ptlVawFKaYzUuhi8W2HZHOZhknZ2+HgSo8nBh0XBo2oVLWZ8Dm0KD9hYA8NiKpya/pJHAdp5E= root@ubuntu-xenial
ssh-ed25519 AAAAC3NzaC1lZDI1NTE5AAAAIC3Mk/NQTMTEEnJlxe1yGLQcVzW33Xb6hYQ0115PP1Ld root@ubuntu-xenial
ssh-rsa AAAAB3NzaC1yc2EAAAADAQABAAABAQC/YFj+cEk+zyBGclhzJ1jVSLlLlq+7ERRdb9WlFHcX+hs74jLljcq3lEJ7UpT6uvl/WDKWv/OBYahJ5sBGtDLPsxptBRxLgs8S7N0Wst0XQCDJuXrLSFmPVF3RusYQ48Isj9yPZ5ccA+3hldYxe4l8J1rKgChHPju5DB482+vWlbaHjOsbB30L3aAp2mgO3cd83JdjazrMVMkfVj4HYfEqwEja0TvxCLo3Js1vjvzn1IYlQKmICYihs9K7rbhYJqSdeJH0e5qH2CX6vXjZOInSZB4phJqvfh0fez6OzZRqnjKOojfrEkxDTLvm+nn6GUEdjsRlcIt2dcOLs5DXsmE1 root@ubuntu-xenial
-----END SSH HOST KEY KEYS-----
[   11.484220] cloud-init[1349]: Cloud-init v. 19.4-33-gbb4131a2-0ubuntu1~16.04.1 running 'modules:final' at Tue, 11 Feb 2020 13:10:17 +0000. Up 11.36 seconds.
[   11.487096] cloud-init[1349]: ci-info: no authorized SSH keys fingerprints found for user ubuntu.
[   11.488943] cloud-init[1349]: Cloud-init v. 19.4-33-gbb4131a2-0ubuntu1~16.04.1 finished at Tue, 11 Feb 2020 13:10:17 +0000. Datasource DataSourceNoCloud [seed=/dev/sdb][dsmode=net].  Up 11.47 seconds
[[0;32m  OK  [0m] Started Execute cloud user/final scripts.
[[0;32m  OK  [0m] Reached target Cloud-init target.

Ubuntu 16.04.6 LTS ubuntu-xenial ttyS0

ubuntu-xenial login: 